<?xml version="1.0" encoding="UTF-8"?>
<testsuite name="com.portfolio.ecsite.EcsiteApplicationTests" tests="1" skipped="0" failures="0" errors="0" timestamp="2023-01-11T05:37:50" hostname="AKIRA" time="1.019">
  <properties/>
  <testcase name="contextLoads()" classname="com.portfolio.ecsite.EcsiteApplicationTests" time="1.019"/>
  <system-out><![CDATA[14:37:36.653 [Test worker] DEBUG org.springframework.test.context.BootstrapUtils - Instantiating CacheAwareContextLoaderDelegate from class [org.springframework.test.context.cache.DefaultCacheAwareContextLoaderDelegate]
14:37:36.688 [Test worker] DEBUG org.springframework.test.context.BootstrapUtils - Instantiating BootstrapContext using constructor [public org.springframework.test.context.support.DefaultBootstrapContext(java.lang.Class,org.springframework.test.context.CacheAwareContextLoaderDelegate)]
14:37:36.846 [Test worker] DEBUG org.springframework.test.context.BootstrapUtils - Instantiating TestContextBootstrapper for test class [com.portfolio.ecsite.EcsiteApplicationTests] from class [org.springframework.boot.test.context.SpringBootTestContextBootstrapper]
14:37:36.883 [Test worker] INFO org.springframework.boot.test.context.SpringBootTestContextBootstrapper - Neither @ContextConfiguration nor @ContextHierarchy found for test class [com.portfolio.ecsite.EcsiteApplicationTests], using SpringBootContextLoader
14:37:36.902 [Test worker] DEBUG org.springframework.test.context.support.AbstractContextLoader - Did not detect default resource location for test class [com.portfolio.ecsite.EcsiteApplicationTests]: class path resource [com/portfolio/ecsite/EcsiteApplicationTests-context.xml] does not exist
14:37:36.904 [Test worker] DEBUG org.springframework.test.context.support.AbstractContextLoader - Did not detect default resource location for test class [com.portfolio.ecsite.EcsiteApplicationTests]: class path resource [com/portfolio/ecsite/EcsiteApplicationTestsContext.groovy] does not exist
14:37:36.904 [Test worker] INFO org.springframework.test.context.support.AbstractContextLoader - Could not detect default resource locations for test class [com.portfolio.ecsite.EcsiteApplicationTests]: no resource found for suffixes {-context.xml, Context.groovy}.
14:37:36.909 [Test worker] INFO org.springframework.test.context.support.AnnotationConfigContextLoaderUtils - Could not detect default configuration classes for test class [com.portfolio.ecsite.EcsiteApplicationTests]: EcsiteApplicationTests does not declare any static, non-private, non-final, nested classes annotated with @Configuration.
14:37:37.077 [Test worker] DEBUG org.springframework.test.context.support.ActiveProfilesUtils - Could not find an 'annotation declaring class' for annotation type [org.springframework.test.context.ActiveProfiles] and class [com.portfolio.ecsite.EcsiteApplicationTests]
14:37:37.261 [Test worker] DEBUG org.springframework.context.annotation.ClassPathScanningCandidateComponentProvider - Identified candidate component class: file [C:\Users\farno\ecsite\build\classes\java\main\com\portfolio\ecsite\EcsiteApplication.class]
14:37:37.265 [Test worker] INFO org.springframework.boot.test.context.SpringBootTestContextBootstrapper - Found @SpringBootConfiguration com.portfolio.ecsite.EcsiteApplication for test class com.portfolio.ecsite.EcsiteApplicationTests
14:37:37.633 [Test worker] DEBUG org.springframework.boot.test.context.SpringBootTestContextBootstrapper - @TestExecutionListeners is not present for class [com.portfolio.ecsite.EcsiteApplicationTests]: using defaults.
14:37:37.635 [Test worker] INFO org.springframework.boot.test.context.SpringBootTestContextBootstrapper - Loaded default TestExecutionListener class names from location [META-INF/spring.factories]: [org.springframework.security.test.context.support.WithSecurityContextTestExecutionListener, org.springframework.security.test.context.support.ReactorContextTestExecutionListener, org.springframework.boot.test.autoconfigure.restdocs.RestDocsTestExecutionListener, org.springframework.boot.test.autoconfigure.web.client.MockRestServiceServerResetTestExecutionListener, org.springframework.boot.test.autoconfigure.web.servlet.MockMvcPrintOnlyOnFailureTestExecutionListener, org.springframework.boot.test.autoconfigure.web.servlet.WebDriverTestExecutionListener, org.springframework.boot.test.autoconfigure.webservices.client.MockWebServiceServerTestExecutionListener, org.springframework.boot.test.mock.mockito.MockitoTestExecutionListener, org.springframework.boot.test.mock.mockito.ResetMocksTestExecutionListener, org.springframework.test.context.web.ServletTestExecutionListener, org.springframework.test.context.support.DirtiesContextBeforeModesTestExecutionListener, org.springframework.test.context.event.ApplicationEventsTestExecutionListener, org.springframework.test.context.support.DependencyInjectionTestExecutionListener, org.springframework.test.context.support.DirtiesContextTestExecutionListener, org.springframework.test.context.transaction.TransactionalTestExecutionListener, org.springframework.test.context.jdbc.SqlScriptsTestExecutionListener, org.springframework.test.context.event.EventPublishingTestExecutionListener]
14:37:37.715 [Test worker] INFO org.springframework.boot.test.context.SpringBootTestContextBootstrapper - Using TestExecutionListeners: [org.springframework.test.context.web.ServletTestExecutionListener@6175619b, org.springframework.test.context.support.DirtiesContextBeforeModesTestExecutionListener@2f058b8a, org.springframework.test.context.event.ApplicationEventsTestExecutionListener@756cf158, org.springframework.boot.test.mock.mockito.MockitoTestExecutionListener@3f2ef586, org.springframework.boot.test.autoconfigure.SpringBootDependencyInjectionTestExecutionListener@751d3241, org.springframework.test.context.support.DirtiesContextTestExecutionListener@76c7beb3, org.springframework.test.context.transaction.TransactionalTestExecutionListener@64337702, org.springframework.test.context.jdbc.SqlScriptsTestExecutionListener@2cf92cc7, org.springframework.security.test.context.support.WithSecurityContextTestExecutionListener@30ea8c23, org.springframework.test.context.event.EventPublishingTestExecutionListener@7b139eab, org.springframework.security.test.context.support.ReactorContextTestExecutionListener@4e76dac, org.springframework.boot.test.autoconfigure.restdocs.RestDocsTestExecutionListener@611df6e3, org.springframework.boot.test.autoconfigure.web.client.MockRestServiceServerResetTestExecutionListener@5f2f577, org.springframework.boot.test.autoconfigure.web.servlet.MockMvcPrintOnlyOnFailureTestExecutionListener@6273c5a4, org.springframework.boot.test.autoconfigure.web.servlet.WebDriverTestExecutionListener@5d465e4b, org.springframework.boot.test.autoconfigure.webservices.client.MockWebServiceServerTestExecutionListener@53e211ee, org.springframework.boot.test.mock.mockito.ResetMocksTestExecutionListener@41a90fa8]
14:37:37.731 [Test worker] DEBUG org.springframework.test.context.support.AbstractDirtiesContextTestExecutionListener - Before test class: context [DefaultTestContext@9635fa testClass = EcsiteApplicationTests, testInstance = [null], testMethod = [null], testException = [null], mergedContextConfiguration = [WebMergedContextConfiguration@53ab0286 testClass = EcsiteApplicationTests, locations = '{}', classes = '{class com.portfolio.ecsite.EcsiteApplication}', contextInitializerClasses = '[]', activeProfiles = '{}', propertySourceLocations = '{}', propertySourceProperties = '{org.springframework.boot.test.context.SpringBootTestContextBootstrapper=true}', contextCustomizers = set[org.springframework.boot.test.autoconfigure.actuate.metrics.MetricsExportContextCustomizerFactory$DisableMetricExportContextCustomizer@2f1de2d6, org.springframework.boot.test.autoconfigure.properties.PropertyMappingContextCustomizer@0, org.springframework.boot.test.autoconfigure.web.servlet.WebDriverContextCustomizerFactory$Customizer@6d1ef78d, org.springframework.boot.test.context.filter.ExcludeFilterContextCustomizer@176b3f44, org.springframework.boot.test.json.DuplicateJsonObjectContextCustomizerFactory$DuplicateJsonObjectContextCustomizer@66ac5762, org.springframework.boot.test.mock.mockito.MockitoContextCustomizer@0, org.springframework.boot.test.web.client.TestRestTemplateContextCustomizer@2250b9f2, org.springframework.boot.test.context.SpringBootTestArgs@1, org.springframework.boot.test.context.SpringBootTestWebEnvironment@32ee6fee], resourceBasePath = 'src/main/webapp', contextLoader = 'org.springframework.boot.test.context.SpringBootContextLoader', parent = [null]], attributes = map['org.springframework.test.context.web.ServletTestExecutionListener.activateListener' -> true]], class annotated with @DirtiesContext [false] with mode [null].

  .   ____          _            __ _ _
 /\\ / ___'_ __ _ _(_)_ __  __ _ \ \ \ \
( ( )\___ | '_ | '_| | '_ \/ _` | \ \ \ \
 \\/  ___)| |_)| | | | | || (_| |  ) ) ) )
  '  |____| .__|_| |_|_| |_\__, | / / / /
 =========|_|==============|___/=/_/_/_/
 :: Spring Boot ::                (v2.7.1)

2023-01-11 14:37:38.443  INFO 10052 --- [    Test worker] c.p.ecsite.EcsiteApplicationTests        : Starting EcsiteApplicationTests using Java 17.0.4.1 on AKIRA with PID 10052 (started by farno in C:\Users\farno\ecsite)
2023-01-11 14:37:38.449  INFO 10052 --- [    Test worker] c.p.ecsite.EcsiteApplicationTests        : No active profile set, falling back to 1 default profile: "default"
2023-01-11 14:37:44.988  INFO 10052 --- [    Test worker] o.s.b.a.w.s.WelcomePageHandlerMapping    : Adding welcome page template: index
2023-01-11 14:37:46.549  INFO 10052 --- [    Test worker] o.s.s.web.DefaultSecurityFilterChain     : Will secure any request with [org.springframework.security.web.session.DisableEncodeUrlFilter@b06d46d, org.springframework.security.web.context.request.async.WebAsyncManagerIntegrationFilter@25a5c8e, org.springframework.security.web.context.SecurityContextPersistenceFilter@58a7dc4, org.springframework.security.web.header.HeaderWriterFilter@79ca7bea, org.springframework.security.web.csrf.CsrfFilter@1c84d80a, org.springframework.security.web.authentication.logout.LogoutFilter@78116659, org.springframework.security.web.authentication.UsernamePasswordAuthenticationFilter@72c4a3aa, org.springframework.security.web.savedrequest.RequestCacheAwareFilter@340afaf8, org.springframework.security.web.servletapi.SecurityContextHolderAwareRequestFilter@6238d5e0, org.springframework.security.web.authentication.AnonymousAuthenticationFilter@656c5c3, org.springframework.security.web.session.SessionManagementFilter@3e43f049, org.springframework.security.web.access.ExceptionTranslationFilter@61da0413, org.springframework.security.web.access.intercept.FilterSecurityInterceptor@7f22687e]
2023-01-11 14:37:48.473  INFO 10052 --- [    Test worker] com.zaxxer.hikari.HikariDataSource       : HikariPool-1 - Starting...
2023-01-11 14:37:49.568  INFO 10052 --- [    Test worker] com.zaxxer.hikari.HikariDataSource       : HikariPool-1 - Start completed.
2023-01-11 14:37:49.973  INFO 10052 --- [    Test worker] c.p.ecsite.EcsiteApplicationTests        : Started EcsiteApplicationTests in 12.132 seconds (JVM running for 16.975)
]]></system-out>
  <system-err><![CDATA[]]></system-err>
</testsuite>
